# JRE version: OpenJDK Runtime Environment Temurin-21.0.5+11 (21.0.5+11) (build 21.0.5+11-LTS)
# Java VM: OpenJDK 64-Bit Server VM Temurin-21.0.5+11 (21.0.5+11-LTS, mixed mode, sharing, tiered, compressed oops, compressed class ptrs, g1 gc, windows-amd64)
GC Precious Log:
 CardTable entry size: 512
 Card Set container configuration: InlinePtr #cards 5 size 8 Array Of Cards #cards 12 size 40 Howl #buckets 4 coarsen threshold 1843 Howl Bitmap #cards 512 size 80 coarsen threshold 460 Card regions per heap region 1 cards per card region 2048
 CPUs: 16 total, 16 available
 Memory: 32123M
 Large Page Support: Disabled
 NUMA Support: Disabled
 Compressed Oops: Enabled (32-bit)
 Heap Region Size: 1M
 Heap Min Capacity: 256M
 Heap Initial Capacity: 256M
 Heap Max Capacity: 512M
 Pre-touch: Disabled
 Parallel Workers: 13
 Concurrent Workers: 3
 Concurrent Refinement Workers: 13
 Periodic GC: Disabled
Heap:
 garbage-first heap   total 262144K, used 186309K [0x00000000e0000000, 0x0000000100000000)
  region size 1024K, 102 young (104448K), 10 survivors (10240K)
 Metaspace       used 72314K, committed 74304K, reserved 393216K
  class space    used 9835K, committed 10816K, reserved 327680K
GC Heap History (20 events):
Event: 1.728 GC heap before
{Heap before GC invocations=3 (full 0):
 garbage-first heap   total 262144K, used 26328K [0x00000000e0000000, 0x0000000100000000)
  region size 1024K, 16 young (16384K), 13 survivors (13312K)
 Metaspace       used 20898K, committed 21504K, reserved 393216K
  class space    used 2982K, committed 3264K, reserved 327680K
}
Event: 1.732 GC heap after
{Heap after GC invocations=4 (full 0):
 garbage-first heap   total 262144K, used 25554K [0x00000000e0000000, 0x0000000100000000)
  region size 1024K, 2 young (2048K), 2 survivors (2048K)
 Metaspace       used 20898K, committed 21504K, reserved 393216K
  class space    used 2982K, committed 3264K, reserved 327680K
}
Event: 2.505 GC heap before
{Heap before GC invocations=5 (full 0):
 garbage-first heap   total 262144K, used 115666K [0x00000000e0000000, 0x0000000100000000)
  region size 1024K, 92 young (94208K), 2 survivors (2048K)
 Metaspace       used 34949K, committed 36096K, reserved 393216K
  class space    used 4999K, committed 5568K, reserved 327680K
}
Event: 2.507 GC heap after
{Heap after GC invocations=6 (full 0):
 garbage-first heap   total 262144K, used 30510K [0x00000000e0000000, 0x0000000100000000)
  region size 1024K, 7 young (7168K), 7 survivors (7168K)
 Metaspace       used 34949K, committed 36096K, reserved 393216K
  class space    used 4999K, committed 5568K, reserved 327680K
}
Event: 2.539 GC heap before
{Heap before GC invocations=6 (full 0):
 garbage-first heap   total 262144K, used 34606K [0x00000000e0000000, 0x0000000100000000)
  region size 1024K, 12 young (12288K), 7 survivors (7168K)
 Metaspace       used 35232K, committed 36416K, reserved 393216K
  class space    used 5022K, committed 5632K, reserved 327680K
}
Event: 2.542 GC heap after
{Heap after GC invocations=7 (full 0):
 garbage-first heap   total 262144K, used 31829K [0x00000000e0000000, 0x0000000100000000)
  region size 1024K, 8 young (8192K), 8 survivors (8192K)
 Metaspace       used 35232K, committed 36416K, reserved 393216K
  class space    used 5022K, committed 5632K, reserved 327680K
}
Event: 2.603 GC heap before
{Heap before GC invocations=7 (full 0):
 garbage-first heap   total 262144K, used 53333K [0x00000000e0000000, 0x0000000100000000)
  region size 1024K, 30 young (30720K), 8 survivors (8192K)
 Metaspace       used 35536K, committed 36736K, reserved 393216K
  class space    used 5040K, committed 5632K, reserved 327680K
}
Event: 2.605 GC heap after
{Heap after GC invocations=8 (full 0):
 garbage-first heap   total 262144K, used 32625K [0x00000000e0000000, 0x0000000100000000)
  region size 1024K, 9 young (9216K), 9 survivors (9216K)
 Metaspace       used 35536K, committed 36736K, reserved 393216K
  class space    used 5040K, committed 5632K, reserved 327680K
}
Event: 3.738 GC heap before
{Heap before GC invocations=9 (full 0):
 garbage-first heap   total 262144K, used 186225K [0x00000000e0000000, 0x0000000100000000)
  region size 1024K, 153 young (156672K), 9 survivors (9216K)
 Metaspace       used 50406K, committed 52288K, reserved 393216K
  class space    used 7247K, committed 8192K, reserved 327680K
}
Event: 3.745 GC heap after
{Heap after GC invocations=10 (full 0):
 garbage-first heap   total 262144K, used 43473K [0x00000000e0000000, 0x0000000100000000)
  region size 1024K, 19 young (19456K), 19 survivors (19456K)
 Metaspace       used 50406K, committed 52288K, reserved 393216K
  class space    used 7247K, committed 8192K, reserved 327680K
}
Event: 4.636 GC heap before
{Heap before GC invocations=10 (full 0):
 garbage-first heap   total 262144K, used 180689K [0x00000000e0000000, 0x0000000100000000)
  region size 1024K, 153 young (156672K), 19 survivors (19456K)
 Metaspace       used 57228K, committed 59136K, reserved 393216K
  class space    used 8340K, committed 9280K, reserved 327680K
}
Event: 4.648 GC heap after
{Heap after GC invocations=11 (full 0):
 garbage-first heap   total 262144K, used 61383K [0x00000000e0000000, 0x0000000100000000)
  region size 1024K, 20 young (20480K), 20 survivors (20480K)
 Metaspace       used 57228K, committed 59136K, reserved 393216K
  class space    used 8340K, committed 9280K, reserved 327680K
}
Event: 4.992 GC heap before
{Heap before GC invocations=11 (full 0):
 garbage-first heap   total 262144K, used 111559K [0x00000000e0000000, 0x0000000100000000)
  region size 1024K, 63 young (64512K), 20 survivors (20480K)
 Metaspace       used 59536K, committed 61568K, reserved 393216K
  class space    used 8636K, committed 9664K, reserved 327680K
}
Event: 5.001 GC heap after
{Heap after GC invocations=12 (full 0):
 garbage-first heap   total 262144K, used 78115K [0x00000000e0000000, 0x0000000100000000)
  region size 1024K, 13 young (13312K), 13 survivors (13312K)
 Metaspace       used 59536K, committed 61568K, reserved 393216K
  class space    used 8636K, committed 9664K, reserved 327680K
}
Event: 106.245 GC heap before
{Heap before GC invocations=13 (full 0):
 garbage-first heap   total 262144K, used 220451K [0x00000000e0000000, 0x0000000100000000)
  region size 1024K, 147 young (150528K), 13 survivors (13312K)
 Metaspace       used 70036K, committed 72064K, reserved 393216K
  class space    used 9825K, committed 10816K, reserved 327680K
}
Event: 106.250 GC heap after
{Heap after GC invocations=14 (full 0):
 garbage-first heap   total 262144K, used 83335K [0x00000000e0000000, 0x0000000100000000)
  region size 1024K, 8 young (8192K), 8 survivors (8192K)
 Metaspace       used 70036K, committed 72064K, reserved 393216K
  class space    used 9825K, committed 10816K, reserved 327680K
}
Event: 118.636 GC heap before
{Heap before GC invocations=14 (full 0):
 garbage-first heap   total 262144K, used 230791K [0x00000000e0000000, 0x0000000100000000)
  region size 1024K, 142 young (145408K), 8 survivors (8192K)
 Metaspace       used 71199K, committed 73216K, reserved 393216K
  class space    used 9831K, committed 10816K, reserved 327680K
}
Event: 118.638 GC heap after
{Heap after GC invocations=15 (full 0):
 garbage-first heap   total 262144K, used 85124K [0x00000000e0000000, 0x0000000100000000)
  region size 1024K, 7 young (7168K), 7 survivors (7168K)
 Metaspace       used 71199K, committed 73216K, reserved 393216K
  class space    used 9831K, committed 10816K, reserved 327680K
}
Event: 427.622 GC heap before
{Heap before GC invocations=15 (full 0):
 garbage-first heap   total 262144K, used 166020K [0x00000000e0000000, 0x0000000100000000)
  region size 1024K, 87 young (89088K), 7 survivors (7168K)
 Metaspace       used 72110K, committed 74176K, reserved 393216K
  class space    used 9835K, committed 10816K, reserved 327680K
}
Event: 427.626 GC heap after
{Heap after GC invocations=16 (full 0):
 garbage-first heap   total 262144K, used 82885K [0x00000000e0000000, 0x0000000100000000)
  region size 1024K, 10 young (10240K), 10 survivors (10240K)
 Metaspace       used 72110K, committed 74176K, reserved 393216K
  class space    used 9835K, committed 10816K, reserved 327680K
}

